<?xml version="1.0" encoding="UTF-8"?>
<!-- Generated by org.testng.reporters.JUnitReportReporter -->
<testsuite hostname="LAPTOP-1O88FB98" failures="0" tests="1" name="com.crm.campaign.CreateCampaignFromGenTest" time="11.295" errors="0" timestamp="2022-08-13T17:26:01 IST" skipped="0">
  <testcase classname="com.crm.campaign.CreateCampaignFromGenTest" name="createCampaign" time="11.295"/>
  <system-out/>
</testsuite> <!-- com.crm.campaign.CreateCampaignFromGenTest -->
