<?xml version="1.0" encoding="UTF-8"?>
<!-- Generated by org.testng.reporters.JUnitReportReporter -->
<testsuite hostname="LAPTOP-1O88FB98" failures="0" tests="1" name="com.crm.SDET.product.CreateDeleteProductGenTest" time="0.000" errors="0" timestamp="2022-12-31T13:13:59 IST" skipped="1">
  <testcase classname="com.crm.SDET.product.CreateDeleteProductGenTest" name="createDeletePro" time="0.000">
    <skipped/>
  </testcase> <!-- createDeletePro -->
  <system-out/>
</testsuite> <!-- com.crm.SDET.product.CreateDeleteProductGenTest -->
