<?xml version="1.0" encoding="UTF-8"?>
<!-- Generated by org.testng.reporters.JUnitReportReporter -->
<testsuite hostname="LAPTOP-1O88FB98" failures="0" tests="1" name="com.crm.campaign.CreateCampaignNproduct2Test" time="25.615" errors="0" timestamp="2022-08-13T17:38:53 IST" skipped="0">
  <testcase classname="com.crm.campaign.CreateCampaignNproduct2Test" name="createProAndCampaign" time="25.615"/>
  <system-out/>
</testsuite> <!-- com.crm.campaign.CreateCampaignNproduct2Test -->
