<?xml version="1.0" encoding="UTF-8"?>
<!-- Generated by org.testng.reporters.JUnitReportReporter -->
<testsuite hostname="LAPTOP-1O88FB98" failures="0" tests="1" name="Practice.createCampaignPractice" time="11.886" errors="0" timestamp="2022-10-03T20:11:42 IST" skipped="0">
  <testcase classname="Practice.createCampaignPractice" name="campaignPractice" time="11.886"/>
  <system-out/>
</testsuite> <!-- Practice.createCampaignPractice -->
