<?xml version="1.0" encoding="UTF-8"?>
<!-- Generated by org.testng.reporters.JUnitReportReporter -->
<testsuite hostname="LAPTOP-1O88FB98" failures="0" tests="1" name="com.crm.SDET.organization.CreateOrgationzationGenTest" time="12.316" errors="0" timestamp="2022-08-13T17:26:01 IST" skipped="0">
  <testcase classname="com.crm.SDET.organization.CreateOrgationzationGenTest" name="createOrganization" time="12.316"/>
  <system-out/>
</testsuite> <!-- com.crm.SDET.organization.CreateOrgationzationGenTest -->
